<?xml version="1.0" encoding="UTF-8"?>
<testng-results ignored="0" total="1" passed="1" failed="0" skipped="0">
  <reporter-output>
    <line>
      <![CDATA[The website is opened by using the provided url]]>
    </line>
  </reporter-output>
  <suite started-at="2023-01-11T12:39:25 IST" name="Default suite" finished-at="2023-01-11T12:40:02 IST" duration-ms="37063">
    <groups>
      <group name="cucumber">
        <method signature="AbstractTestNGCucumberTests.runScenario(io.cucumber.testng.PickleWrapper,io.cucumber.testng.FeatureWrapper)[pri:0, instance:StepDefinitions.Runner@5b239d7d]" name="runScenario" class="io.cucumber.testng.AbstractTestNGCucumberTests"/>
      </group> <!-- cucumber -->
    </groups>
    <test started-at="2023-01-11T12:39:25 IST" name="Default test" finished-at="2023-01-11T12:40:02 IST" duration-ms="37063">
      <class name="StepDefinitions.Runner">
        <test-method is-config="true" signature="setUpClass(org.testng.ITestContext)[pri:0, instance:StepDefinitions.Runner@5b239d7d]" started-at="2023-01-11T12:39:25 IST" name="setUpClass" finished-at="2023-01-11T12:39:26 IST" duration-ms="823" status="PASS">
          <params>
            <param index="0">
              <value>
                <![CDATA[org.testng.TestRunner@ad3324b]]>
              </value>
            </param>
          </params>
          <reporter-output>
          </reporter-output>
        </test-method> <!-- setUpClass -->
        <test-method signature="runScenario(io.cucumber.testng.PickleWrapper,io.cucumber.testng.FeatureWrapper)[pri:0, instance:StepDefinitions.Runner@5b239d7d]" started-at="2023-01-11T12:39:26 IST" name="runScenario" description="Runs Cucumber Scenarios" data-provider="scenarios" finished-at="2023-01-11T12:40:02 IST" duration-ms="35990" status="PASS">
          <params>
            <param index="0">
              <value>
                <![CDATA["Check search functionality of header"]]>
              </value>
            </param>
            <param index="1">
              <value>
                <![CDATA["Feature to test header of amazon site"]]>
              </value>
            </param>
          </params>
          <reporter-output>
            <line>
              <![CDATA[The website is opened by using the provided url]]>
            </line>
          </reporter-output>
        </test-method> <!-- runScenario -->
        <test-method is-config="true" signature="tearDownClass()[pri:0, instance:StepDefinitions.Runner@5b239d7d]" started-at="2023-01-11T12:40:02 IST" name="tearDownClass" finished-at="2023-01-11T12:40:02 IST" duration-ms="56" status="PASS">
          <reporter-output>
          </reporter-output>
        </test-method> <!-- tearDownClass -->
      </class> <!-- StepDefinitions.Runner -->
    </test> <!-- Default test -->
  </suite> <!-- Default suite -->
</testng-results>
